<?xml version="1.0" encoding="UTF-8"?>
<!-- Generated by org.testng.reporters.JUnitXMLReporter -->
<testsuite ignored="5" hostname="LAPTOP-AK3TFJP9" failures="0" tests="1" name="Default test" time="4.632" errors="0" timestamp="2026-05-30T13:17:04 HADT">
  <testcase classname="fistproject.MyTestCases" name="Login" time="0.983"/>
  <testcase classname="fistproject.MyTestCases" name="ADDARE" time="0.0">
    <ignored/>
  </testcase> <!-- ADDARE -->
  <testcase classname="fistproject.MyTestCases" name="ADDALL" time="0.0">
    <ignored/>
  </testcase> <!-- ADDALL -->
  <testcase classname="fistproject.MyTestCases" name="RemoveALL" time="0.0">
    <ignored/>
  </testcase> <!-- RemoveALL -->
  <testcase classname="fistproject.MyTestCases" name="MYTEST" time="0.0">
    <ignored/>
  </testcase> <!-- MYTEST -->
  <testcase classname="fistproject.MyTestCases" name="TEST4" time="0.0">
    <ignored/>
  </testcase> <!-- TEST4 -->
</testsuite> <!-- Default test -->
