<?xml version="1.0" encoding="UTF-8"?>
<testng-results ignored="5" total="6" passed="1" failed="0" skipped="0">
  <reporter-output>
  </reporter-output>
  <suite started-at="2026-05-30T13:16:59 HADT" name="Default suite" finished-at="2026-05-30T13:17:04 HADT" duration-ms="4632">
    <groups>
    </groups>
    <test started-at="2026-05-30T13:16:59 HADT" name="Default test" finished-at="2026-05-30T13:17:04 HADT" duration-ms="4632">
      <class name="fistproject.MyTestCases">
        <test-method is-config="true" signature="BF()[pri:0, instance:fistproject.MyTestCases@13518f37]" started-at="2026-05-30T13:16:59 HADT" name="BF" finished-at="2026-05-30T13:17:02 HADT" duration-ms="3440" status="PASS">
          <reporter-output>
          </reporter-output>
        </test-method> <!-- BF -->
        <test-method signature="Login()[pri:0, instance:fistproject.MyTestCases@13518f37]" started-at="2026-05-30T13:17:03 HADT" name="Login" finished-at="2026-05-30T13:17:04 HADT" duration-ms="983" status="PASS">
          <reporter-output>
          </reporter-output>
        </test-method> <!-- Login -->
        <test-method is-config="true" signature="Aft()[pri:0, instance:fistproject.MyTestCases@13518f37]" started-at="2026-05-30T13:17:04 HADT" name="Aft" finished-at="2026-05-30T13:17:04 HADT" duration-ms="2" status="PASS">
          <reporter-output>
          </reporter-output>
        </test-method> <!-- Aft -->
      </class> <!-- fistproject.MyTestCases -->
    </test> <!-- Default test -->
  </suite> <!-- Default suite -->
</testng-results>
