<?xml version="1.0" encoding="UTF-8"?>
<!-- Generated by org.testng.reporters.JUnitReportReporter -->
<testsuite hostname="LAPTOP-AK3TFJP9" failures="0" tests="6" name="fistproject.MyTestCases" time="0.983" errors="0" timestamp="2026-05-30T13:17:04 HADT" skipped="5">
  <testcase classname="fistproject.MyTestCases" name="Login" time="0.983"/>
  <testcase classname="fistproject.MyTestCases" name="ADDARE">
    <skipped/>
  </testcase> <!-- ADDARE -->
  <testcase classname="fistproject.MyTestCases" name="ADDALL">
    <skipped/>
  </testcase> <!-- ADDALL -->
  <testcase classname="fistproject.MyTestCases" name="RemoveALL">
    <skipped/>
  </testcase> <!-- RemoveALL -->
  <testcase classname="fistproject.MyTestCases" name="MYTEST">
    <skipped/>
  </testcase> <!-- MYTEST -->
  <testcase classname="fistproject.MyTestCases" name="TEST4">
    <skipped/>
  </testcase> <!-- TEST4 -->
</testsuite> <!-- fistproject.MyTestCases -->
